2024-01-29 17:18:05.022 | INFO     | __main__:start_autotest:22 - 

     _   _   _ _____ ___    _____ _____ ____ _____ 
    / \ | | | |_   _/ _ \  |_   _| ____/ ___|_   _|
   / _ \| | | | | || | | |   | | |  _| \___ \ | |  
  / ___ \ |_| | | || |_| |   | | | |___ ___) || |  
 /_/   \_\___/  |_| \___/    |_| |_____|____/ |_|  
"`-0-0-'"`-0-0-'"`-0-0-'"`-0-0-'./o--000'"`-0-0-'"

      Starting      ...     ...     ...
2024-01-29 17:19:11.157 | INFO     | __main__:start_autotest:22 - 

     _   _   _ _____ ___    _____ _____ ____ _____ 
    / \ | | | |_   _/ _ \  |_   _| ____/ ___|_   _|
   / _ \| | | | | || | | |   | | |  _| \___ \ | |  
  / ___ \ |_| | | || |_| |   | | | |___ ___) || |  
 /_/   \_\___/  |_| \___/    |_| |_____|____/ |_|  
"`-0-0-'"`-0-0-'"`-0-0-'"`-0-0-'./o--000'"`-0-0-'"

      Starting      ...     ...     ...
2024-01-29 17:19:12.231 | INFO     | tools:allure_title:100 - title:testA
2024-01-29 17:19:12.232 | INFO     | tools:allure_step_no:124 - step:descrption:验证搜索及add产品成功(T845/T1156)
2024-01-29 17:19:12.232 | INFO     | tools:allure_step_no:124 - step:test_step:{'open': 'https://release.pear.us/products', 'R_click1': {'role': 'textbox', 'name': ''}, 'sleep1': 1000, 'fill': {'role': 'textbox', 'value': 'NIKE'}, 'press': {'role': 'textbox', 'key': 'Enter'}, 'sleep2': 3000, 'R_click2': {'role': 'button', 'name': 'Add to shop'}, 'sleep3': 3000}
2024-01-29 17:19:12.232 | INFO     | page.home:page_open:76 - 打开-https://release.pear.us/products
2024-01-29 17:19:20.199 | INFO     | tools:allure_title:100 - title:testB
2024-01-29 17:19:20.199 | INFO     | tools:allure_step_no:124 - step:descrption:验证Products定位以及PDP转售(T839/T843)
2024-01-29 17:19:20.199 | INFO     | tools:allure_step_no:124 - step:test_step:{'open': 'https://release.pear.us/products', 'swipe1': [0, 900], 'sleep1': 1500, 'R_click1': {'role': 'img', 'name': '', 'index': '23'}, 'sleep2': 1500, 'L_click1': {'text': 'Back', 'index': ''}, 'sleep3': 1500, 'R_click2': {'role': 'button', 'name': 'Add to shop', 'index': '3'}, 'sleep4': 3000}
2024-01-29 17:19:20.200 | INFO     | page.home:page_open:76 - 打开-https://release.pear.us/products
2024-01-29 17:19:22.551 | INFO     | page.home:page_swipe:64 - 滑动元素,坐标-(0, 900)
2024-01-29 17:19:26.104 | INFO     | page.home:page_element_role_click:30 - 点击了元素-img,出现文本-
2024-01-29 17:19:29.723 | INFO     | page.home:page_element_label_click:38 - 点击了元素-Back
2024-01-29 17:19:33.357 | INFO     | page.home:page_element_role_click:30 - 点击了元素-button,出现文本-Add to shop
2024-01-29 17:19:38.466 | INFO     | tools:allure_step_no:124 - step:expect_result:{'descrption': "期望添加产品成功的弹窗文案是'Added to your shop'和'View'", 'role': 'alert', 'value': 'Added to your shopView', 'visible': 'Ture', 'attribute': {'name': 'role', 'value': 'alert'}}
2024-01-29 17:23:18.514 | INFO     | __main__:start_autotest:22 - 

     _   _   _ _____ ___    _____ _____ ____ _____ 
    / \ | | | |_   _/ _ \  |_   _| ____/ ___|_   _|
   / _ \| | | | | || | | |   | | |  _| \___ \ | |  
  / ___ \ |_| | | || |_| |   | | | |___ ___) || |  
 /_/   \_\___/  |_| \___/    |_| |_____|____/ |_|  
"`-0-0-'"`-0-0-'"`-0-0-'"`-0-0-'./o--000'"`-0-0-'"

      Starting      ...     ...     ...
2024-01-29 17:23:19.564 | INFO     | tools:allure_title:100 - title:testA
2024-01-29 17:23:19.564 | INFO     | tools:allure_step_no:124 - step:descrption:验证搜索及add产品成功(T845/T1156)
2024-01-29 17:23:19.564 | INFO     | tools:allure_step_no:124 - step:test_step:{'open': 'https://release.pear.us/products', 'R_click1': {'role': 'textbox', 'name': '', 'index': ''}, 'sleep1': 1000, 'fill': {'role': 'textbox', 'value': 'NIKE'}, 'press': {'role': 'textbox', 'key': 'Enter'}, 'sleep2': 3000, 'R_click2': {'role': 'button', 'name': 'Add to shop', 'index': '0'}, 'sleep3': 3000}
2024-01-29 17:23:19.564 | INFO     | page.home:page_open:76 - 打开-https://release.pear.us/products
2024-01-29 17:23:26.103 | INFO     | page.home:page_element_role_click:30 - 点击了元素-textbox,出现文本-
2024-01-29 17:23:29.219 | INFO     | page.home:page_element_input_role_fill:50 - 元素-textbox,填充文本-NIKE
2024-01-29 17:23:30.260 | INFO     | page.home:page_element_input_role_press:70 - 对元素使用了按键-textbox
2024-01-29 17:23:35.347 | INFO     | page.home:page_element_role_click:30 - 点击了元素-button,出现文本-Add to shop
2024-01-29 17:23:40.457 | INFO     | tools:allure_step_no:124 - step:expect_result:{'descrption': "期望添加产品成功的弹窗文案是'Added to your shop'和'View'", 'role': 'alert', 'value': 'Added to your shopView', 'visible': 'Ture', 'attribute': {'name': 'role', 'value': 'alert'}}
2024-01-29 17:23:40.506 | INFO     | tools:allure_title:100 - title:testB
2024-01-29 17:23:40.506 | INFO     | tools:allure_step_no:124 - step:descrption:验证Products定位以及PDP转售(T839/T843)
2024-01-29 17:23:40.506 | INFO     | tools:allure_step_no:124 - step:test_step:{'open': 'https://release.pear.us/products', 'swipe1': [0, 900], 'sleep1': 1500, 'R_click1': {'role': 'img', 'name': '', 'index': '23'}, 'sleep2': 1500, 'L_click1': {'text': 'Back', 'index': ''}, 'sleep3': 1500, 'R_click2': {'role': 'button', 'name': 'Add to shop', 'index': '3'}, 'sleep4': 3000}
2024-01-29 17:23:40.506 | INFO     | page.home:page_open:76 - 打开-https://release.pear.us/products
2024-01-29 17:23:42.867 | INFO     | page.home:page_swipe:64 - 滑动元素,坐标-(0, 900)
2024-01-29 17:23:46.414 | INFO     | page.home:page_element_role_click:30 - 点击了元素-img,出现文本-
2024-01-29 17:23:50.024 | INFO     | page.home:page_element_label_click:38 - 点击了元素-Back
2024-01-29 17:23:53.639 | INFO     | page.home:page_element_role_click:30 - 点击了元素-button,出现文本-Add to shop
2024-01-29 17:23:58.828 | INFO     | tools:allure_step_no:124 - step:expect_result:{'descrption': "期望添加产品成功的弹窗文案是'Added to your shop'和'View'", 'role': 'alert', 'value': 'Added to your shopView', 'visible': 'Ture', 'attribute': {'name': 'role', 'value': 'alert'}}
